生成启动时间为 2017/9/17 15:15:02。
     1>项目“F:\C++工程\123\123\123.vcxproj”在节点 2 上(build 个目标)。
     1>InitializeBuildStatus:
         正在对“Debug\123.unsuccessfulbuild”执行 Touch 任务。
       ClCompile:
         所有输出均为最新。
         所有输出均为最新。
       ResourceCompile:
         所有输出均为最新。
       ManifestResourceCompile:
         所有输出均为最新。
       Link:
         D:\vs2010\VC\bin\link.exe /ERRORREPORT:PROMPT /OUT:"F:\C++工程\123\Debug\123.exe" /INCREMENTAL /NOLOGO /MANIFEST /ManifestFile:"Debug\123.exe.intermediate.manifest" /MANIFESTUAC:"level='asInvoker' uiAccess='false'" /DEBUG /PDB:"F:\C++工程\123\Debug\123.pdb" /SUBSYSTEM:WINDOWS /TLBID:1 /ENTRY:"wWinMainCRTStartup" /DYNAMICBASE /NXCOMPAT /IMPLIB:"F:\C++工程\123\Debug\123.lib" /MACHINE:X86 Debug\123.res
         Debug\123.exe.embed.manifest.res
         Debug\123.obj
         Debug\123Dlg.obj
         Debug\stdafx.obj
     1>LINK : fatal error LNK1123: 转换到 COFF 期间失败: 文件无效或损坏
     1>已完成生成项目“F:\C++工程\123\123\123.vcxproj”(build 个目标)的操作 - 失败。

生成失败。

已用时间 00:00:00.28
